[    0.000000] Initializing cgroup subsys cpuset
[    0.000000] Initializing cgroup subsys cpu
[    0.000000] Initializing cgroup subsys cpuacct
[    0.000000] Linux version 4.4.0-71-generic (buildd@lcy01-05) (gcc version 5.4.0 20160609 (Ubuntu 5.4.0-6ubuntu1~16.04.4) ) #92-Ubuntu SMP Fri Mar 24 12:59:01 UTC 2017 (Ubuntu 4.4.0-71.92-generic 4.4.49)
[    0.000000] Command line: BOOT_IMAGE=/boot/vmlinuz-4.4.0-71-generic root=LABEL=cloudimg-rootfs ro console=tty1 console=ttyS0
[    0.000000] KERNEL supported cpus:
[    0.000000]   Intel GenuineIntel
[    0.000000]   AMD AuthenticAMD
[    0.000000]   Centaur CentaurHauls
[    0.000000] x86/fpu: xstate_offset[2]:  576, xstate_sizes[2]:  256
[    0.000000] x86/fpu: Supporting XSAVE feature 0x01: 'x87 floating point registers'
[    0.000000] x86/fpu: Supporting XSAVE feature 0x02: 'SSE registers'
[    0.000000] x86/fpu: Supporting XSAVE feature 0x04: 'AVX registers'
[    0.000000] x86/fpu: Enabled xstate features 0x7, context size is 832 bytes, using 'standard' format.
[    0.000000] x86/fpu: Using 'lazy' FPU context switches.
[    0.000000] e820: BIOS-provided physical RAM map:
[    0.000000] BIOS-e820: [mem 0x0000000000000000-0x000000000009fbff] usable
[    0.000000] BIOS-e820: [mem 0x000000000009fc00-0x000000000009ffff] reserved
[    0.000000] BIOS-e820: [mem 0x00000000000f0000-0x00000000000fffff] reserved
[    0.000000] BIOS-e820: [mem 0x0000000000100000-0x00000000dffeffff] usable
[    0.000000] BIOS-e820: [mem 0x00000000dfff0000-0x00000000dfffffff] ACPI data
[    0.000000] BIOS-e820: [mem 0x00000000fec00000-0x00000000fec00fff] reserved
[    0.000000] BIOS-e820: [mem 0x00000000fee00000-0x00000000fee00fff] reserved
[    0.000000] BIOS-e820: [mem 0x00000000fffc0000-0x00000000ffffffff] reserved
[    0.000000] BIOS-e820: [mem 0x0000000100000000-0x000000011fffffff] usable
[    0.000000] NX (Execute Disable) protection: active
[    0.000000] SMBIOS 2.5 present.
[    0.000000] Hypervisor detected: KVM
[    0.000000] e820: last_pfn = 0x120000 max_arch_pfn = 0x400000000
[    0.000000] MTRR: Disabled
[    0.000000] x86/PAT: MTRRs disabled, skipping PAT initialization too.
[    0.000000] x86/PAT: Configuration [0-7]: WB  WT  UC- UC  WB  WT  UC- UC  
[    0.000000] CPU MTRRs all blank - virtualized system.
[    0.000000] e820: last_pfn = 0xdfff0 max_arch_pfn = 0x400000000
[    0.000000] found SMP MP-table at [mem 0x0009fff0-0x0009ffff] mapped at [ffff88000009fff0]
[    0.000000] Scanning 1 areas for low memory corruption
[    0.000000] RAMDISK: [mem 0x36ae8000-0x3756bfff]
[    0.000000] ACPI: Early table checksum verification disabled
[    0.000000] ACPI: RSDP 0x00000000000E0000 000024 (v02 VBOX  )
[    0.000000] ACPI: XSDT 0x00000000DFFF0030 00003C (v01 VBOX   VBOXXSDT 00000001 ASL  00000061)
[    0.000000] ACPI: FACP 0x00000000DFFF00F0 0000F4 (v04 VBOX   VBOXFACP 00000001 ASL  00000061)
[    0.000000] ACPI: DSDT 0x00000000DFFF0470 0021C8 (v02 VBOX   VBOXBIOS 00000002 INTL 20100528)
[    0.000000] ACPI: FACS 0x00000000DFFF0200 000040
[    0.000000] ACPI: FACS 0x00000000DFFF0200 000040
[    0.000000] ACPI: APIC 0x00000000DFFF0240 00005C (v02 VBOX   VBOXAPIC 00000001 ASL  00000061)
[    0.000000] ACPI: SSDT 0x00000000DFFF02A0 0001CC (v01 VBOX   VBOXCPUT 00000002 INTL 20100528)
[    0.000000] No NUMA configuration found
[    0.000000] Faking a node at [mem 0x0000000000000000-0x000000011fffffff]
[    0.000000] NODE_DATA(0) allocated [mem 0x11fff7000-0x11fffbfff]
[    0.000000] kvm-clock: Using msrs 4b564d01 and 4b564d00
[    0.000000] kvm-clock: cpu 0, msr 1:1ffef001, primary cpu clock
[    0.000000] kvm-clock: using sched offset of 2977705734 cycles
[    0.000000] clocksource: kvm-clock: mask: 0xffffffffffffffff max_cycles: 0x1cd42e4dffb, max_idle_ns: 881590591483 ns
[    0.000000] Zone ranges:
[    0.000000]   DMA      [mem 0x0000000000001000-0x0000000000ffffff]
[    0.000000]   DMA32    [mem 0x0000000001000000-0x00000000ffffffff]
[    0.000000]   Normal   [mem 0x0000000100000000-0x000000011fffffff]
[    0.000000]   Device   empty
[    0.000000] Movable zone start for each node
[    0.000000] Early memory node ranges
[    0.000000]   node   0: [mem 0x0000000000001000-0x000000000009efff]
[    0.000000]   node   0: [mem 0x0000000000100000-0x00000000dffeffff]
[    0.000000]   node   0: [mem 0x0000000100000000-0x000000011fffffff]
[    0.000000] Initmem setup node 0 [mem 0x0000000000001000-0x000000011fffffff]
[    0.000000] ACPI: PM-Timer IO Port: 0x4008
[    0.000000] IOAPIC[0]: apic_id 2, version 32, address 0xfec00000, GSI 0-23
[    0.000000] ACPI: INT_SRC_OVR (bus 0 bus_irq 0 global_irq 2 dfl dfl)
[    0.000000] ACPI: INT_SRC_OVR (bus 0 bus_irq 9 global_irq 9 high level)
[    0.000000] Using ACPI (MADT) for SMP configuration information
[    0.000000] smpboot: Allowing 2 CPUs, 0 hotplug CPUs
[    0.000000] PM: Registered nosave memory: [mem 0x00000000-0x00000fff]
[    0.000000] PM: Registered nosave memory: [mem 0x0009f000-0x0009ffff]
[    0.000000] PM: Registered nosave memory: [mem 0x000a0000-0x000effff]
[    0.000000] PM: Registered nosave memory: [mem 0x000f0000-0x000fffff]
[    0.000000] PM: Registered nosave memory: [mem 0xdfff0000-0xdfffffff]
[    0.000000] PM: Registered nosave memory: [mem 0xe0000000-0xfebfffff]
[    0.000000] PM: Registered nosave memory: [mem 0xfec00000-0xfec00fff]
[    0.000000] PM: Registered nosave memory: [mem 0xfec01000-0xfedfffff]
[    0.000000] PM: Registered nosave memory: [mem 0xfee00000-0xfee00fff]
[    0.000000] PM: Registered nosave memory: [mem 0xfee01000-0xfffbffff]
[    0.000000] PM: Registered nosave memory: [mem 0xfffc0000-0xffffffff]
[    0.000000] e820: [mem 0xe0000000-0xfebfffff] available for PCI devices
[    0.000000] Booting paravirtualized kernel on KVM
[    0.000000] clocksource: refined-jiffies: mask: 0xffffffff max_cycles: 0xffffffff, max_idle_ns: 7645519600211568 ns
[    0.000000] setup_percpu: NR_CPUS:512 nr_cpumask_bits:512 nr_cpu_ids:2 nr_node_ids:1
[    0.000000] PERCPU: Embedded 33 pages/cpu @ffff88011fc00000 s98264 r8192 d28712 u1048576
[    0.000000] PV qspinlock hash table entries: 256 (order: 0, 4096 bytes)
[    0.000000] Built 1 zonelists in Node order, mobility grouping on.  Total pages: 1032057
[    0.000000] Policy zone: Normal
[    0.000000] Kernel command line: BOOT_IMAGE=/boot/vmlinuz-4.4.0-71-generic root=LABEL=cloudimg-rootfs ro console=tty1 console=ttyS0
[    0.000000] PID hash table entries: 4096 (order: 3, 32768 bytes)
[    0.000000] Memory: 4032324K/4193848K available (8452K kernel code, 1293K rwdata, 3976K rodata, 1484K init, 1316K bss, 161524K reserved, 0K cma-reserved)
[    0.000000] SLUB: HWalign=64, Order=0-3, MinObjects=0, CPUs=2, Nodes=1
[    0.000000] Hierarchical RCU implementation.
[    0.000000] 	Build-time adjustment of leaf fanout to 64.
[    0.000000] 	RCU restricting CPUs from NR_CPUS=512 to nr_cpu_ids=2.
[    0.000000] RCU: Adjusting geometry for rcu_fanout_leaf=64, nr_cpu_ids=2
[    0.000000] NR_IRQS:33024 nr_irqs:440 16
[    0.000000] Console: colour VGA+ 80x25
[    0.000000] console [tty1] enabled
[    0.000000] console [ttyS0] enabled
[    0.000000] tsc: Detected 2494.226 MHz processor
[   10.573028] Calibrating delay loop (skipped) preset value.. 4988.45 BogoMIPS (lpj=9976904)
[   10.700432] pid_max: default: 32768 minimum: 301
[   10.776227] ACPI: Core revision 20150930
[   10.833825] ACPI: 2 ACPI AML tables successfully acquired and loaded
[   10.921043] Security Framework initialized
[   10.974597] Yama: becoming mindful.
[   11.037142] AppArmor: AppArmor initialized
[   11.097281] Dentry cache hash table entries: 524288 (order: 10, 4194304 bytes)
[   11.209417] Inode-cache hash table entries: 262144 (order: 9, 2097152 bytes)
[   11.300216] Mount-cache hash table entries: 8192 (order: 4, 65536 bytes)
[   11.404139] Mountpoint-cache hash table entries: 8192 (order: 4, 65536 bytes)
[   11.456454] Initializing cgroup subsys io
[   11.496107] Initializing cgroup subsys memory
[   11.536209] Initializing cgroup subsys devices
[   11.578178] Initializing cgroup subsys freezer
[   11.648237] Initializing cgroup subsys net_cls
[   11.723900] Initializing cgroup subsys perf_event
[   11.806571] Initializing cgroup subsys net_prio
[   11.807674] Initializing cgroup subsys hugetlb
[   11.809966] Initializing cgroup subsys pids
[   11.868137] CPU: Physical Processor ID: 0
[   11.911616] CPU: Processor Core ID: 0
[   11.981230] mce: CPU supports 0 MCE banks
[   12.037526] Last level iTLB entries: 4KB 1024, 2MB 1024, 4MB 1024
[   12.136717] Last level dTLB entries: 4KB 1024, 2MB 1024, 4MB 1024, 1GB 4
[   12.258056] Freeing SMP alternatives memory: 32K (ffffffff820b8000 - ffffffff820c0000)
[   12.391475] ftrace: allocating 32111 entries in 126 pages
[   12.525021] smpboot: APIC(0) Converting physical 0 to logical package 0
[   12.569159] smpboot: Max logical packages: 1
[   12.584341] x2apic enabled
[   12.604606] Switched APIC routing to physical x2apic.
[   12.657623] ..TIMER: vector=0x30 apic1=0 pin1=2 apic2=-1 pin2=-1
[   12.816169] smpboot: CPU0: Intel(R) Core(TM) i7-4870HQ CPU @ 2.50GHz (family: 0x6, model: 0x46, stepping: 0x1)
[   12.918732] Performance Events: unsupported p6 CPU model 70 no PMU driver, software events only.
[   13.056041] KVM setup paravirtual spinlock
[   13.113397] x86: Booting SMP configuration:
[   13.168758] .... node  #0, CPUs:      #1
[   13.225755] kvm-clock: cpu 1, msr 1:1ffef041, secondary cpu clock
[   13.268649] mce: CPU supports 0 MCE banks
[   13.288381] x86: Booted up 1 node, 2 CPUs
[   13.339379] smpboot: Total of 2 processors activated (9976.90 BogoMIPS)
[   13.413178] devtmpfs: initialized
[   13.456198] evm: security.selinux
[   13.500963] evm: security.SMACK64
[   13.544020] evm: security.SMACK64EXEC
[   13.586871] evm: security.SMACK64TRANSMUTE
[   13.593125] evm: security.SMACK64MMAP
[   13.599349] evm: security.ima
[   13.630853] evm: security.capability
[   13.695369] clocksource: jiffies: mask: 0xffffffff max_cycles: 0xffffffff, max_idle_ns: 7645041785100000 ns
[   13.769349] pinctrl core: initialized pinctrl subsystem
[   13.818477] RTC time: 20:33:42, date: 04/27/17
[   13.870534] NET: Registered protocol family 16
[   13.898225] cpuidle: using governor ladder
[   13.978913] cpuidle: using governor menu
[   14.018066] PCCT header not found.
[   14.049907] ACPI: bus type PCI registered
[   14.093093] acpiphp: ACPI Hot Plug PCI Controller Driver version: 0.5
[   14.130156] PCI: Using configuration type 1 for base access
[   14.208459] ACPI: Added _OSI(Module Device)
[   14.262489] ACPI: Added _OSI(Processor Device)
[   14.309216] ACPI: Added _OSI(3.0 _SCP Extensions)
[   14.340077] ACPI: Added _OSI(Processor Aggregator Device)
[   14.405738] ACPI: Executed 1 blocks of module-level executable AML code
[   14.495255] ACPI: Interpreter enabled
[   14.535781] ACPI: (supports S0 S5)
[   14.568732] ACPI: Using IOAPIC for interrupt routing
[   14.649047] PCI: Using host bridge windows from ACPI; if necessary, use "pci=nocrs" and report a bug
[   14.748479] ACPI: PCI Root Bridge [PCI0] (domain 0000 [bus 00-ff])
[   14.822077] acpi PNP0A03:00: _OSC: OS supports [ASPM ClockPM Segments MSI]
[   14.872169] acpi PNP0A03:00: _OSC failed (AE_NOT_FOUND); disabling ASPM
[   14.907060] acpi PNP0A03:00: fail to add MMCONFIG information, can't access extended PCI configuration space under this bridge.
[   15.037156] PCI host bridge to bus 0000:00
[   15.110847] pci_bus 0000:00: root bus resource [io  0x0000-0x0cf7 window]
[   15.198622] pci_bus 0000:00: root bus resource [io  0x0d00-0xffff window]
[   15.302186] pci_bus 0000:00: root bus resource [mem 0x000a0000-0x000bffff window]
[   15.384659] pci_bus 0000:00: root bus resource [mem 0xe0000000-0xffdfffff window]
[   15.483237] pci_bus 0000:00: root bus resource [bus 00-ff]
[   15.564181] pci 0000:00:01.1: legacy IDE quirk: reg 0x10: [io  0x01f0-0x01f7]
[   15.645752] pci 0000:00:01.1: legacy IDE quirk: reg 0x14: [io  0x03f6]
[   15.738658] pci 0000:00:01.1: legacy IDE quirk: reg 0x18: [io  0x0170-0x0177]
[   15.821692] pci 0000:00:01.1: legacy IDE quirk: reg 0x1c: [io  0x0376]
[   15.946531] pci 0000:00:07.0: quirk: [io  0x4000-0x403f] claimed by PIIX4 ACPI
[   16.006706] pci 0000:00:07.0: quirk: [io  0x4100-0x410f] claimed by PIIX4 SMB
[   16.137877] ACPI: PCI Interrupt Link [LNKA] (IRQs 5 9 10 *11)
[   16.161763] ACPI: PCI Interrupt Link [LNKB] (IRQs 5 9 10 *11)
[   16.187202] ACPI: PCI Interrupt Link [LNKC] (IRQs 5 9 *10 11)
[   16.259684] ACPI: PCI Interrupt Link [LNKD] (IRQs 5 *9 10 11)
[   16.331050] ACPI: Enabled 2 GPEs in block 00 to 07
[   16.396229] vgaarb: setting as boot device: PCI:0000:00:02.0
[   16.459709] vgaarb: device added: PCI:0000:00:02.0,decodes=io+mem,owns=io+mem,locks=none
[   16.621464] vgaarb: loaded
[   16.662736] vgaarb: bridge control possible 0000:00:02.0
[   16.737698] SCSI subsystem initialized
[   16.771354] ACPI: bus type USB registered
[   16.824033] usbcore: registered new interface driver usbfs
[   16.854028] usbcore: registered new interface driver hub
[   16.934244] usbcore: registered new device driver usb
[   17.005095] PCI: Using ACPI for IRQ routing
[   17.053397] NetLabel: Initializing
[   17.087182] NetLabel:  domain hash size = 128
[   17.113415] NetLabel:  protocols = UNLABELED CIPSOv4
[   17.139436] NetLabel:  unlabeled traffic allowed by default
[   17.194644] amd_nb: Cannot enumerate AMD northbridges
[   17.256922] clocksource: Switched to clocksource kvm-clock
[   17.319385] AppArmor: AppArmor Filesystem Enabled
[   17.392487] pnp: PnP ACPI init
[   17.447219] pnp: PnP ACPI: found 3 devices
[   17.502449] clocksource: acpi_pm: mask: 0xffffff max_cycles: 0xffffff, max_idle_ns: 2085701024 ns
[   17.609507] NET: Registered protocol family 2
[   17.661802] TCP established hash table entries: 32768 (order: 6, 262144 bytes)
[   17.726621] TCP bind hash table entries: 32768 (order: 7, 524288 bytes)
[   17.784850] TCP: Hash tables configured (established 32768 bind 32768)
[   17.837422] UDP hash table entries: 2048 (order: 4, 65536 bytes)
[   17.971972] UDP-Lite hash table entries: 2048 (order: 4, 65536 bytes)
[   18.109843] NET: Registered protocol family 1
[   18.205877] pci 0000:00:00.0: Limiting direct PCI/PCI transfers
[   18.308430] pci 0000:00:01.0: Activating ISA DMA hang workarounds
[   18.421854] Unpacking initramfs...
[   20.148071] Freeing initrd memory: 10768K (ffff880036ae8000 - ffff88003756c000)
[   20.228026] PCI-DMA: Using software bounce buffering for IO (SWIOTLB)
[   20.374601] software IO TLB [mem 0xdbff0000-0xdfff0000] (64MB) mapped at [ffff8800dbff0000-ffff8800dffeffff]
[   20.591365] platform rtc_cmos: registered platform RTC device (no PNP device found)
[   20.764489] Scanning for low memory corruption every 60 seconds
[   20.893254] futex hash table entries: 512 (order: 3, 32768 bytes)
[   21.013361] audit: initializing netlink subsys (disabled)
[   21.122958] audit: type=2000 audit(1493325218.197:1): initialized
[   21.226057] Initialise system trusted keyring
[   21.306255] HugeTLB registered 2 MB page size, pre-allocated 0 pages
[   21.478855] zbud: loaded
[   21.540339] VFS: Disk quotas dquot_6.6.0
[   21.594337] tsc: Refined TSC clocksource calibration: 2492.670 MHz
[   21.726815] clocksource: tsc: mask: 0xffffffffffffffff max_cycles: 0x23ee2d3a5f0, max_idle_ns: 440795243228 ns
ÿ[   21.726916] VFS: Dquot-cache hash table entries: 512 (order 0, 4096 bytes)
[   21.727139] squashfs: version 4.0 (2009/01/31) Phillip Lougher
[   21.727349] fuse init (API version 7.23)
[   21.727455] Key type big_key registered
[   21.729879] Allocating IMA MOK and blacklist keyrings.
[   21.730074] Key type asymmetric registered
[   21.730080] Asymmetric key parser 'x509' registered
[   21.730122] Block layer SCSI generic (bsg) driver version 0.4 loaded (major 249)
[   21.730144] io scheduler noop registered
[   21.730146] io scheduler deadline registered (default)
[   21.730169] io scheduler cfq registered
[   21.730260] pci_hotplug: PCI Hot Plug PCI Core version: 0.5
[   21.730265] pciehp: PCI Express Hot Plug Controller Driver version: 0.4
[   21.730602] ACPI: AC Adapter [AC] (on-line)
[   21.730648] input: Power Button as /devices/LNXSYSTM:00/LNXPWRBN:00/input/input0
[   21.730650] ACPI: Power Button [PWRF]
[   21.730705] input: Sleep Button as /devices/LNXSYSTM:00/LNXSLPBN:00/input/input1
[   21.730706] ACPI: Sleep Button [SLPF]
[   21.730984] GHES: HEST is not enabled!
[   21.731845] ACPI: Battery Slot [BAT0] (battery present)
[   21.731887] Serial: 8250/16550 driver, 32 ports, IRQ sharing enabled
[   21.979940] 00:02: ttyS0 at I/O 0x3f8 (irq = 4, base_baud = 115200) is a 16550A
[   22.123637] Linux agpgart interface v0.103
[   22.146097] loop: module loaded
[   22.146514] scsi host0: ata_piix
[   22.146556] scsi host1: ata_piix
[   22.146579] ata1: PATA max UDMA/33 cmd 0x1f0 ctl 0x3f6 bmdma 0xd000 irq 14
[   22.146579] ata2: PATA max UDMA/33 cmd 0x170 ctl 0x376 bmdma 0xd008 irq 15
[   22.146639] libphy: Fixed MDIO Bus: probed
[   22.146641] tun: Universal TUN/TAP device driver, 1.6
[   22.146641] tun: (C) 1999-2004 Max Krasnyansky <maxk@qualcomm.com>
[   22.146903] PPP generic driver version 2.4.2
[   22.146958] ehci_hcd: USB 2.0 'Enhanced' Host Controller (EHCI) Driver
[   22.146961] ehci-pci: EHCI PCI platform driver
[   22.146974] ehci-platform: EHCI generic platform driver
[   22.146980] ohci_hcd: USB 1.1 'Open' Host Controller (OHCI) Driver
[   22.146983] ohci-pci: OHCI PCI platform driver
[   22.146990] ohci-platform: OHCI generic platform driver
[   22.146995] uhci_hcd: USB Universal Host Controller Interface driver
[   22.147040] i8042: PNP: PS/2 Controller [PNP0303:PS2K,PNP0f03:PS2M] at 0x60,0x64 irq 1,12
[   22.174117] serio: i8042 KBD port at 0x60,0x64 irq 1
[   22.174124] serio: i8042 AUX port at 0x60,0x64 irq 12
[   22.174279] mousedev: PS/2 mouse device common for all mice
[   22.174618] rtc_cmos rtc_cmos: rtc core: registered rtc_cmos as rtc0
[   22.174665] rtc_cmos rtc_cmos: alarms up to one day, 114 bytes nvram
[   22.174673] i2c /dev entries driver
[   22.174726] device-mapper: uevent: version 1.0.3
[   22.174772] device-mapper: ioctl: 4.34.0-ioctl (2015-10-28) initialised: dm-devel@redhat.com
[   22.174791] ledtrig-cpu: registered to indicate activity on CPUs
[   22.175021] NET: Registered protocol family 10
[   22.175150] NET: Registered protocol family 17
[   22.175161] Key type dns_resolver registered
[   22.243134] microcode: CPU0 sig=0x40661, pf=0x40, revision=0x0
[   22.243219] microcode: CPU1 sig=0x40661, pf=0x40, revision=0x0
[   22.243296] microcode: Microcode Update Driver: v2.01 <tigran@aivazian.fsnet.co.uk>, Peter Oruba
[   22.243415] registered taskstats version 1
[   22.243426] Loading compiled-in X.509 certificates
[   22.243980] Loaded X.509 cert 'Build time autogenerated kernel key: 812d956779f79f89ad448268b75be2bbdc5d2bc7'
[   22.244003] zswap: loaded using pool lzo/zbud
[   22.245213] Key type trusted registered
[   22.246999] Key type encrypted registered
[   22.247003] AppArmor: AppArmor sha1 policy hashing enabled
[   22.247005] ima: No TPM chip found, activating TPM-bypass!
[   22.247019] evm: HMAC attrs: 0x1
[   22.247302]   Magic number: 13:169:600
[   22.323731] rtc_cmos rtc_cmos: setting system clock to 2017-04-27 20:33:51 UTC (1493325231)
[   22.323870] BIOS EDD facility v0.16 2004-Jun-25, 0 devices found
[   22.323870] EDD information not available.
[   22.704258] input: AT Translated Set 2 keyboard as /devices/platform/i8042/serio0/input/input2
[   28.196290] Freeing unused kernel memory: 1484K (ffffffff81f45000 - ffffffff820b8000)
[   28.346315] Write protecting the kernel read-only data: 14336k
[   28.411996] Freeing unused kernel memory: 1776K (ffff880001844000 - ffff880001a00000)
[   28.579102] Freeing unused kernel memory: 120K (ffff880001de2000 - ffff880001e00000)
Loading, please [   28.775607] random: systemd-udevd: uninitialized urandom read (16 bytes read, 4 bits of entropy available)
wait...
startin[   28.776141] random: udevadm: uninitialized urandom read (16 bytes read, 4 bits of entropy available)
g version 229
[   28.776177] random: udevadm: uninitialized urandom read (16 bytes read, 4 bits of entropy available)
[   28.776263] random: udevadm: uninitialized urandom read (16 bytes read, 4 bits of entropy available)
[   28.776295] random: udevadm: uninitialized urandom read (16 bytes read, 4 bits of entropy available)
[   28.776324] random: udevadm: uninitialized urandom read (16 bytes read, 4 bits of entropy available)
[   28.776358] random: udevadm: uninitialized urandom read (16 bytes read, 4 bits of entropy available)
[   28.776387] random: udevadm: uninitialized urandom read (16 bytes read, 4 bits of entropy available)
[   28.776415] random: udevadm: uninitialized urandom read (16 bytes read, 4 bits of entropy available)
[   28.776452] random: udevadm: uninitialized urandom read (16 bytes read, 4 bits of entropy available)
[   29.630833] e1000: Intel(R) PRO/1000 Network Driver - version 7.3.21-k8-NAPI
[   29.647546] e1000: Copyright (c) 1999-2006 Intel Corporation.
[   29.657556] Fusion MPT base driver 3.04.20
[   29.663296] Copyright (c) 1999-2008 LSI Corporation
[   29.689354] Fusion MPT SPI Host driver 3.04.20
[   29.721040] AVX version of gcm_enc/dec engaged.
[   29.732850] AES CTR mode by8 optimization enabled
[   29.888313] input: ImExPS/2 Generic Explorer Mouse as /devices/platform/i8042/serio1/input/input4
[   30.040646] e1000 0000:00:03.0 eth0: (PCI:33MHz:32-bit) 02:6f:83:38:c1:e5
[   30.098213] e1000 0000:00:03.0 eth0: Intel(R) PRO/1000 Network Connection
[   30.126585] mptbase: ioc0: Initiating bringup
[   30.245305] ioc0: LSI53C1030 A0: Capabilities={Initiator}
[   30.455867] scsi host2: ioc0: LSI53C1030 A0, FwRev=00000000h, Ports=1, MaxQ=256, IRQ=20
[   30.733578] scsi 2:0:0:0: Direct-Access     VBOX     HARDDISK         1.0  PQ: 0 ANSI: 5
[   30.927410] scsi target2:0:0: Beginning Domain Validation
[   31.011375] scsi target2:0:0: Domain Validation skipping write tests
[   31.059095] scsi target2:0:0: Ending Domain Validation
[   31.083122] e1000 0000:00:08.0 eth1: (PCI:33MHz:32-bit) 08:00:27:f1:56:67
[   31.083124] e1000 0000:00:08.0 eth1: Intel(R) PRO/1000 Network Connection
[   31.436254] scsi target2:0:0: asynchronous
[   31.460240] scsi 2:0:1:0: Direct-Access     VBOX     HARDDISK         1.0  PQ: 0 ANSI: 5
[   31.504240] scsi target2:0:1: Beginning Domain Validation
[   31.542475] scsi target2:0:1: Domain Validation skipping write tests
[   31.625244] scsi target2:0:1: Ending Domain Validation
[   31.690905] e1000 0000:00:09.0 eth2: (PCI:33MHz:32-bit) 08:00:27:c0:6b:dd
[   31.690907] e1000 0000:00:09.0 eth2: Intel(R) PRO/1000 Network Connection
[   31.945298] e1000 0000:00:03.0 enp0s3: renamed from eth0
[   31.953165] scsi target2:0:1: asynchronous
[   32.155652] sd 2:0:0:0: Attached scsi generic sg0 type 0
[   32.238987] e1000 0000:00:08.0 enp0s8: renamed from eth1
[   32.241401] sd 2:0:1:0: Attached scsi generic sg1 type 0
[   32.329888] sd 2:0:0:0: [sda] 20971520 512-byte logical blocks: (10.7 GB/10.0 GiB)
[   32.518415] sd 2:0:1:0: [sdb] 20480 512-byte logical blocks: (10.5 MB/10.0 MiB)
[   32.613947] sd 2:0:0:0: [sda] Write Protect is off
[   32.625477] sd 2:0:1:0: [sdb] Write Protect is off
[   32.625614] sd 2:0:1:0: [sdb] Incomplete mode parameter data
[   32.625615] sd 2:0:1:0: [sdb] Assuming drive cache: write through
[   32.749145] floppy0: no floppy controllers found
[   32.751279] sd 2:0:1:0: [sdb] Attached SCSI disk
[   32.753221] e1000 0000:00:09.0 enp0s9: renamed from eth2
[   33.335877] sd 2:0:0:0: [sda] Incomplete mode parameter data
[   33.447466] sd 2:0:0:0: [sda] Assuming drive cache: write through
[   33.566937]  sda: sda1
[   33.617584] sd 2:0:0:0: [sda] Attached SCSI disk
Begin: Loading e[   34.999979] md: linear personality registered for level -1
ssential drivers[   35.142315] md: multipath personality registered for level -4
 ... [   35.265736] md: raid0 personality registered for level 0
[   35.422525] md: raid1 personality registered for level 1
[   35.673111] raid6: sse2x1   gen()  9714 MB/s
[   35.849156] raid6: sse2x1   xor()  7525 MB/s
[   35.964996] raid6: sse2x2   gen() 12437 MB/s
[   36.137140] raid6: sse2x2   xor()  8540 MB/s
[   36.281242] raid6: sse2x4   gen() 15250 MB/s
[   36.425354] raid6: sse2x4   xor()  9647 MB/s
[   36.494590] raid6: using algorithm sse2x4 gen() 15250 MB/s
[   36.581643] raid6: .... xor() 9647 MB/s, rmw enabled
[   36.637674] raid6: using ssse3x2 recovery algorithm
[   36.728389] xor: automatically using best checksumming function:
[   36.865370]    avx       : 26917.000 MB/sec
[   36.936710] async_tx: api initialized (async)
[   36.996276] md: raid6 personality registered for level 6
[   37.032532] md: raid5 personality registered for level 5
[   37.058005] md: raid4 personality registered for level 4
[   37.136741] md: raid10 personality registered for level 10
done.
Begin: Running /scripts/init-p[   37.261332] Btrfs loaded
remount ... done.
Begin: Mounting root file system ... Begin: Running /scripts/local-top ... done.
Begin: Running /scripts/local-premount ... Scanning for Btrfs filesystems
done.
Warning: fsck not present, so sk[   37.343111] EXT4-fs (sda1): mounted filesystem with ordered data mode. Opts: (null)
ipping root file system
done.
Begin: Running /scripts/local-bottom ... done.
Begin: Running /scripts/init-bottom ... done.
[   37.519013] systemd[1]: systemd 229 running in system mode. (+PAM +AUDIT +SELINUX +IMA +APPARMOR +SMACK +SYSVINIT +UTMP +LIBCRYPTSETUP +GCRYPT +GNUTLS +ACL +XZ -LZ4 +SECCOMP +BLKID +ELFUTILS +KMOD -IDN)
[   37.925194] systemd[1]: Detected virtualization oracle.
[   37.975107] systemd[1]: Detected architecture x86-64.

Welcome to [1mUbuntu 16.04.2 LTS[0m!

[   38.101779] systemd[1]: Set hostname to <ubuntu>.
[   38.172657] systemd[1]: Initializing machine ID from random generator.
[   38.233823] systemd[1]: Installed transient /etc/machine-id file.
[   38.473755] systemd[1]: Reached target Swap.
[[0;32m  OK  [0m] Reached target Swap.
[   38.609607] systemd[1]: Listening on Journal Socket.
[[0;32m  OK  [0m] Listening on Journal Socket.
[   38.714058] systemd[1]: Created slice System Slice.
[[0;32m  OK  [0m] Created slice System Slice.
[   38.897371] systemd[1]: Starting Load Kernel Modules...
         [   39.010946] Loading iSCSI transport class v2.0-870.
Starting Load Ke[   39.139718] iscsi: registered transport (tcp)
rnel Modules...
[   39.197136] systemd[1]: Mounting POSIX Message Queue File System...
[   39.246378] random: nonblocking pool is initialized
         Mounting POSIX M[   39.297319] iscsi: registered transport (iser)
essage Queue File System...
[   39.405281] systemd[1]: Starting Uncomplicated firewall...
         Starting Uncomplicated firewall...
[   39.477276] systemd[1]: Starting Nameserver information manager...
         Starting Nameserver information manager...
[   39.528529] systemd[1]: Starting Set console keymap...
         Starting Set console keymap...
[   39.551034] systemd[1]: Created slice User and Session Slice.
[[0;32m  OK  [0m] Created slice User and Session Slice.
[   39.585710] systemd[1]: Listening on LVM2 poll daemon socket.
[[0;32m  OK  [0m] Listening on LVM2 poll daemon socket.
[   39.689803] systemd[1]: Created slice system-serial\x2dgetty.slice.
[[0;32m  OK  [0m] Created slice system-serial\x2dgetty.slice.
[   39.773216] systemd[1]: Starting Remount Root and Kernel File Systems...
         [   39.828853] EXT4-fs (sda1): re-mounted. Opts: (null)
Starting Remount Root and Kernel File Systems...
[   39.850606] systemd[1]: Listening on Journal Audit Socket.
[[0;32m  OK  [0m] Listening on Journal Audit Socket.
[   39.869651] systemd[1]: Reached target Encrypted Volumes.
[[0;32m  OK  [0m] Reached target Encrypted Volumes.
[   39.918886] systemd[1]: Listening on udev Kernel Socket.
[[0;32m  OK  [0m] Listening on udev Kernel Socket.
[   39.953232] systemd[1]: Reached target Slices.
[[0;32m  OK  [0m] Reached target Slices.
[   40.001412] systemd[1]: Reached target User and Group Name Lookups.
[[0;32m  OK  [0m] Reached target User and Group Name Lookups.
[   40.065208] systemd[1]: Starting Create list of required static device nodes for the current kernel...
         Starting Create list of required st... nodes for the current kernel...
[   40.152314] systemd[1]: Listening on LVM2 metadata daemon socket.
[[0;32m  OK  [0m] Listening on LVM2 metadata daemon socket.
[   40.189577] systemd[1]: Started Forward Password Requests to Wall Directory Watch.
[[0;32m  OK  [0m] Started Forward Password Requests to Wall Directory Watch.
[   40.245555] systemd[1]: Listening on Journal Socket (/dev/log).
[[0;32m  OK  [0m] Listening on Journal Socket (/dev/log).
[   40.329359] systemd[1]: Listening on Device-mapper event daemon FIFOs.
[[0;32m  OK  [0m] Listening on Device-mapper event daemon FIFOs.
[   40.461419] systemd[1]: Starting Monitoring of LVM2 mirrors, snapshots etc. using dmeventd or progress polling...
         Starting Monitoring of LVM2 mirrors... dmeventd or progress polling...
[   40.573364] systemd[1]: Listening on /dev/initctl Compatibility Named Pipe.
[[0;32m  OK  [0m] Listening on /dev/initctl Compatibility Named Pipe.
[   40.737200] systemd[1]: Mounting Debug File System...
         Mounting Debug File System...
[   40.823582] systemd[1]: Listening on udev Control Socket.
[[0;32m  OK  [0m] Listening on udev Control Socket.
[   40.881848] systemd[1]: Set up automount Arbitrary Executable File Formats File System Automount Point.
[[0;32m  OK  [0m] Set up automount Arbitrary Executab...ats File System Automount Point.
[   41.109181] systemd[1]: Mounting Huge Pages File System...
         Mounting Huge Pages File System...
[   41.201281] systemd[1]: Listening on Syslog Socket.
[[0;32m  OK  [0m] Listening on Syslog Socket.
[   41.337475] systemd[1]: Starting Journal Service...
         Starting Journal Service...
[   41.389717] systemd[1]: Mounted Debug File System.
[[0;32m  OK  [0m] Mounted Debug File System.
[   41.505339] systemd[1]: Mounted Huge Pages File System.
[[0;32m  OK  [0m] Mounted Huge Pages File System.
[   41.641781] systemd[1]: Mounted POSIX Message Queue File System.
[[0;32m  OK  [0m] Mounted POSIX Message Queue File System.
[   41.801563] systemd[1]: Started Journal Service.
[[0;32m  OK  [0m] Started Journal Service.
[[0;32m  OK  [0m] Started Load Kernel Modules.
[[0;32m  OK  [0m] Started Uncomplicated firewall.
[[0;32m  OK  [0m] Started Set console keymap.
[[0;32m  OK  [0m] Started Remount Root and Kernel File Systems.
[[0;32m  OK  [0m] Started Create list of required sta...ce nodes for the current kernel.
[[0;32m  OK  [0m] Started Nameserver information manager.
[[0;32m  OK  [0m] Started LVM2 metadata daemon.
         Starting Create Static Device Nodes in /dev...
         Starting Initial cloud-init job (pre-networking)...
         Starting udev Coldplug all Devices...
         Starting Load/Save Random Seed...
         Starting Apply Kernel Variables...
         Mounting FUSE Control File System...
         Starting Flush Journal to Persistent Storage...
[[0;32m  OK  [0m] Mounted FUSE Control File System.
[[0;32m  OK  [0m] Started Monitoring of LVM2 mirrors,...ng dmeventd or progress polling.
[[0;32m  OK  [0m] Started Create Static Device Nodes in /dev.
[[0;32m  OK  [0m] Started Load/Save Random Seed.
[[0;32m  OK  [0m] Started Apply Kernel Variables.
[[0;32m  OK  [0m] Started udev Coldplug all Devices.
[[0;32m  OK  [0m] Started Flush Journal to Persistent Storage.
         Starting udev Kernel Device Manager...
[[0;32m  OK  [0m] Started udev Kernel Device Manager.
[[0;32m  OK  [0m] Started Dispatch Password Requests to Console Directory Watch.
[[0;32m  OK  [0m] Reached target Local File Systems (Pre).
[   26.381379] cloud-init[446]: Cloud-init v. 0.7.9 running 'init-local' at Thu, 27 Apr 2017 20:34:11 +0000. Up 26.16 seconds.
[[0;32m  OK  [0m] Reached target Local File Systems.
         Starting Set console font and keymap...
         Starting Tell Plymouth To Write Out Runtime Data...
         Starting Create Volatile Files and Directories...
         Starting Commit a transient machine-id on disk...
         Starting LSB: AppArmor initialization...
[[0;32m  OK  [0m] Started Set console font and keymap.
[[0;32m  OK  [0m] Started Tell Plymouth To Write Out Runtime Data.
[[0;32m  OK  [0m] Started Create Volatile Files and Directories.
[[0;32m  OK  [0m] Started Commit a transient machine-id on disk.
[[0;32m  OK  [0m] Started Initial cloud-init job (pre-networking).
[[0;32m  OK  [0m] Found device /dev/ttyS0.
[[0;32m  OK  [0m] Listening on Load/Save RF Kill Switch Status /dev/rfkill Watch.
[[0;32m  OK  [0m] Reached target Network (Pre).
         Starting Update UTMP about System Boot/Shutdown...
[[0;32m  OK  [0m] Reached target System Time Synchronized.
[[0;32m  OK  [0m] Created slice system-getty.slice.
[[0;32m  OK  [0m] Started Update UTMP about System Boot/Shutdown.
[[0;32m  OK  [0m] Started LSB: AppArmor initialization.
[[0;32m  OK  [0m] Started ifup for enp0s3.
         Starting Raise network interfaces...
[[0;32m  OK  [0m] Started Raise network interfaces.
[[0;32m  OK  [0m] Reached target Network.
         Starting Initial cloud-init job (metadata service crawler)...
[   30.281913] cloud-init[980]: Cloud-init v. 0.7.9 running 'init' at Thu, 27 Apr 2017 20:34:15 +0000. Up 29.77 seconds.
[   30.384497] [cloud-init[0;32m  OK  [0m[980]: ] ci-info: ++++++++++++++++++++++++++++++++++++++Net device info++++++++++++++++++++++++++++++++++++++Started Initial cloud-init job (metadata service crawler).

[   30.384958] cloud-init[980]: ci-info: +--------+-------+----------------------------+---------------+-------+-------------------+
[[0;32m  OK  [0m] Reached target Network is Online.
[   30.547972] cloud-init[980]: ci-info: | Device |   Up  |          Address           |      Mask     | Scope |     Hw-Address    |
[   30.644726]          cloud-initStarting iSCSI initiator daemon (iscsid)...[980]: 
ci-info: +--------+-------+----------------------------+---------------+-------+-------------------+
[   30.764572] [cloud-init[0;32m  OK  [0m[980]: ] ci-info: | enp0s8 | False |             .              |       .       |   .   | 08:00:27:f1:56:67 |Reached target Cloud-config availability.

[[0;32m  OK  [0m] Reached target System Initialization.
[[0;32m  OK  [0m] Started Daily Cleanup of Temporary Directories.
[   30.764949] cloud-init[980]: ci-info: |   lo   |  True |         127.0.0.1          |   255.0.0.0   |   .   |         .         |
[[0;32m  OK  [0m] Listening on ACPID Listen Socket.
[   31.080343] cloud-init[980]: ci-info: |   lo   |  True |          ::1/128           |       .       |  host |         .         |
[   31.216717] [cloud-init[0;32m  OK  [0m[980]: ] ci-info: | enp0s3 |  True |         10.0.2.15          | 255.255.255.0 |   .   | 02:6f:83:38:c1:e5 |Started ACPI Events Check.

[[0;32m  OK  [0m] Listening on UUID daemon activation socket.
[[0;32m  OK  [0m] Listening on D-Bus System Message Bus Socket.
[   31.217333] cloud-init[980]: ci-info: | enp0s3 |  True | fe80::6f:83ff:fe38:c1e5/64 |       .       |  link | 02:6f:83:38:c1:e5 |
[   31.492859]          cloud-initStarting Socket activation for snappy daemon.[980]: 
ci-info: | enp0s9 | False |             .              |       .       |   .   | 08:00:27:c0:6b:dd |
[   31.612414] [cloud-init[0;32m  OK  [0m[980]: ] ci-info: +--------+-------+----------------------------+---------------+-------+-------------------+Started Daily apt activities.

[[0;32m  OK  [0m] Started Timer to automatically refresh installed snaps.
[[0;32m  OK  [0m] Reached target Timers.
[   31.613002] cloud-init[980]: ci-info: +++++++++++++++++++++++++++Route IPv4 info++++++++++++++++++++++++++++
[   31.892491]          cloud-initStarting LXD - unix socket.[980]: 
ci-info: +-------+-------------+----------+---------------+-----------+-------+
[   31.988627] [cloud-init[0;32m  OK  [0m[980]: ] ci-info: | Route | Destination | Gateway  |    Genmask    | Interface | Flags |Started Trigger resolvconf update for networkd DNS.

[[0;32m  OK  [0m] Reached target Paths.
[   31.989138] cloud-init[980]: ci-info: +-------+-------------+----------+---------------+-----------+-------+
[   32.212383] cloud-init[980]: ci-info: |   0   |   0.0.0.0   | 10.0.2.2 |    0.0.0.0    |   enp0s3  |   UG  |
[   32.267074] cloud-init[980]: ci-info: |   1   |   10.0.2.0  | 0.0.0.0  | 255.255.255.0 |   enp0s3  |   U   |
[   32.347421] cloud-init[980]: ci-info: +-------+-------------+----------+---------------+-----------+-------+
[   32.396461] [cloud-init[0;32m  OK  [0m[980]: ] Generating public/private rsa key pair.Listening on Socket activation for snappy daemon.

[[0;32m  OK  [0m] Listening on LXD - unix socket.
[[0;32m  OK  [0m] Started iSCSI initiator daemon (iscsid).
[   32.397042] cloud-init[980]: Your identification has been saved in /etc/ssh/ssh_host_rsa_key.
[   32.624465]          cloud-initStarting Login to default iSCSI targets...[980]: 
Your public key has been saved in /etc/ssh/ssh_host_rsa_key.pub.
[   32.624979] [cloud-init[0;32m  OK  [0m[980]: ] The key fingerprint is:Reached target Sockets.

[   32.772869] [cloud-init[0;32m  OK  [0m[980]: ] SHA256:p+8wSufb6MsrYVvowTk7t1efCvqhGDg2CV47cEPeDJg root@ubuntu-xenialReached target Basic System.

[   32.773802] cloud-init[980]: The key's randomart image is:
[   32.872749] [cloud-init[0;32m  OK  [0m[980]: ] +---[RSA 2048]----+Started ACPI event daemon.

[   32.873207] cloud-init[980]: |                 |
[   32.930350] [[0;32m  OK  [0m] Started FUSE filesystem for LXC.
cloud-init[980]: |   o             |
[   32.963101]          cloud-initStarting LSB: Record successful boot for GRUB...[980]: 
|  E o            |
[   32.986464]          cloud-initStarting System Logging Service...[980]: 
|   o +           |
[[0;32m  OK  [0m] Started Snappy daemon.
[   33.038616] cloud-init[980]: |  o =.ooS .      |
         Starting LXD - container startup/shutdown...
[   33.080145] cloud-init[980]: | . = =O .o  .    |
[   33.152746]          cloud-initStarting Pollinate to seed the pseudo random number generator...[980]: 
|  . OooB= o. . . |
[   33.229118]          cloud-initStarting Login Service...[980]: 
|   . =*B.O.o  o  |
[   33.276308] [cloud-init[0;32m  OK  [0m[980]: ] |      o=%O= ..   |Started Regular background program processing daemon.

[   33.276702] cloud-init[980]: +----[SHA256]-----+
[   33.372431] [cloud-init[0;32m  OK  [0m[980]: ] Generating public/private dsa key pair.Started Deferred execution scheduler.

[   33.372847] cloud-init[980]: Your identification has been saved in /etc/ssh/ssh_host_dsa_key.
[   33.511631]          cloud-initStarting /etc/rc.local Compatibility...[980]: 
Your public key has been saved in /etc/ssh/ssh_host_dsa_key.pub.
         Starting Apply the settings specified in cloud-config...
[   33.614870] cloud-init[980]: The key fingerprint is:
[[0;32m  OK  [0m] Started D-Bus System Message Bus.
[   33.690743] cloud-init[980]: SHA256:22w77yAfcCImbt+TyngkKerQxFoRRGzQeGov2KlBhPA root@ubuntu-xenial
         Starting LSB: MD monitoring daemon...
[   33.766751] cloud-init[980]: The key's randomart image is:
         Starting Accounts Service...
[   33.851520] cloud-init[980]: +---[DSA 1024]----+
         Starting Auto import assertions from block devices...
[[0;32m  OK  [0m] Started System Logging Service.
[[0;32m  OK  [0m] Started LXD - container startup/shutdown.
[[0;32m  OK  [0m] Started /etc/rc.local Compatibility.
[[0;32m  OK  [0m] Started Auto import assertions from block devices.
[   33.915174] cloud-init[980]: |=B+              |
[   34.068501] cloud-init[980]: |oo=.             |
[   34.110733] [cloud-init[0;32m  OK  [0m[980]: ] |.+E              |Started Pollinate to seed the pseudo random number generator.

[   34.111460] [cloud-init[0;32m  OK  [0m[980]: ] |.+ .             |Started LSB: Record successful boot for GRUB.

[   34.220482] [cloud-init[0;32m  OK  [0m[980]: ] |+.=...o S .      |Started Login to default iSCSI targets.

[   34.220846] cloud-init[980]: |o*+ooo.. B       |
[   34.264894] cloud-init[980]: |o+o.oo  o.*      |
[   34.296404] [cloud-init[0;32m  OK  [0m[980]: ] |+  . +..o+.+     |Started LSB: MD monitoring daemon.

[   34.296929] cloud-init[980]: |..  ..+...o+o    |
[   34.388323] cloud-init[980]: +----[SHA256]-----+
[   34.408419] cloud-init[980]: Generating public/private ecdsa key pair.
[   34.428360] cloud-init[980]: Your identification has been saved in /etc/ssh/ssh_host_ecdsa_key.
[   34.500386] cloud-init[980]: Your public key has been saved in /etc/ssh/ssh_host_ecdsa_key.pub.
[   34.532793] cloud-init[980]: The key fingerprint is:
[[0;32m  OK  [0m] Started Login Service.
[   34.575280] cloud-init[980]: SHA256:mO6UnaNPnZ+6pc1mo9ZITq1XY7ivJqjn30IZ88t0+Bo root@ubuntu-xenial
[   34.664318]          cloud-initStarting Authenticate and Authorize Users to Run Privileged Tasks...[980]: 
The key's randomart image is:
[   34.736808] [cloud-init[0;32m  OK  [0m[980]: ] +---[ECDSA 256]---+Reached target Remote File Systems (Pre).

[[0;32m  OK  [0m] Reached target Remote File Systems.
[   34.737361] cloud-init[980]: |                 |
[   34.908856] cloud-init[980]: |                 |
         Starting LSB: Set the CPU Frequency Scaling governor to "ondemand"...
[   34.909381] cloud-init[980]: |                 |
[   35.016466]          cloud-initStarting LSB: daemon to balance interrupts for SMP systems...[980]: 
|       o  o      |
         Starting LSB: VirtualBox Linux Additions...
[   35.072532] cloud-init[980]: |      o S  * o   |
[   35.132358]          cloud-initStarting LSB: automatic crash report generation...[980]: 
|     . o o=.* =  |
[   35.132864] cloud-init[980]: |      + =*o*EB . |
[   35.248463]          cloud-initStarting Permit User Sessions...[980]: 
|     o oo.BB@o.  |
[   35.290978]          cloud-initStarting OpenBSD Secure Shell server...[980]: 
|      +=oo*@O=.  |
[[0;32m  OK  [0m] Started OpenBSD Secure Shell server.
[   35.336370] cloud-init[980]: +----[SHA256]-----+
[[0;32m  OK  [0m] Started Permit User Sessions.
[   35.412784] cloud-init[980]: Generating public/private ed25519 key pair.
[   35.496825] [cloud-init[0;32m  OK  [0m[980]: ] Your identification has been saved in /etc/ssh/ssh_host_ed25519_key.Started Authenticate and Authorize Users to Run Privileged Tasks.

[   35.497362] cloud-init[980]: Your public key has been saved in /etc/ssh/ssh_host_ed25519_key.pub.
[   35.672354] [cloud-init[0;32m  OK  [0m[980]: ] The key fingerprint is:Started Accounts Service.

[   35.673001] cloud-init[980]: SHA256:mVFHGvMyAoTu3akcq5/yNTQKOs5wW5uvUnYE2BGsk64 root@ubuntu-xenial
[   35.776429] [cloud-init[0;32m  OK  [0m[980]: ] The key's randomart image is:Started LSB: Set the CPU Frequency Scaling governor to "ondemand".

[   35.860649] [cloud-init[0;32m  OK  [0m[980]: ] +--[ED25519 256]--+Started LSB: daemon to balance interrupts for SMP systems.

[   35.861209] cloud-init[980]: |   +o=o   +.o    |
[   35.968285]          cloud-initStopping OpenBSD Secure Shell server...[980]: 
|  . =  . . *     |
[   36.040939] [cloud-init[0;32m  OK  [0m[980]: ] |   + .  o + .    |Created slice User Slice of ubuntu.

[   36.041458] cloud-init[980]: |  + . .  = o     |
[   36.148425] [cloud-init[0;32m  OK  [0m[980]: ] | . o.o .S.       |Started Session 1 of user ubuntu.

[   36.149120] cloud-init[980]: |  ..+.+oo.       |
[   36.264844] cloud-init[980]: |..+o.o.+o        |
[   36.304465] cloud-init[980]: |E=.+.o+o .       |
[   36.340761] cloud-init[980]: |  +.=B=          |
[   36.368512] cloud-init[980]: +----[SHA256]-----+
         Starting User Manager for UID 1000...
[   36.373995] cloud-init[1158]: Generating locales (this might take a while)...
[   36.501037] cloud-init[1158]:   en_US.UTF-8... done
         Starting Hold until boot process finishes up...
[   36.501450] cloud-init[1158]: Generation complete.
         Starting Terminate Plymouth Boot Screen...
[[0;32m  OK  [0m] Started User Manager for UID 1000.
[[0;32m  OK  [0m] Started LSB: VirtualBox Linux Additions.
[[0;32m  OK  [0m] Started LSB: automatic crash report generation.
[[0;32m  OK  [0m] Stopped OpenBSD Secure Shell server.
[[0;32m  OK  [0m] Started Hold until boot process finishes up.
[[0;32m  OK  [0m] Started Terminate Plymouth Boot Screen.
[[0;32m  OK  [0m] Started Getty on tty1.
         Starting Set console scheme...
[[0;32m  OK  [0m] Started Serial Getty on ttyS0.
[[0;32m  OK  [0m] Reached target Login Prompts.
         Starting OpenBSD Secure Shell server...
[[0;32m  OK  [0m] Started OpenBSD Secure Shell server.
[[0;32m  OK  [0m] Started Set console scheme.
[[0;32m  OK  [0m] Reached target Multi-User System.
[[0;32m  OK  [0m] Reached target Graphical Interface.
         Starting Update UTMP about System Runlevel Changes...
[[0;32m  OK  [0m] Started Update UTMP about System Runlevel Changes.
[   37.476681] cloud-init[1158]: Cloud-init v. 0.7.9 running 'modules:config' at Thu, 27 Apr 2017 20:34:19 +0000. Up 33.92 seconds.
[[0;32m  OK  [0m] Started Apply the settings specified in cloud-config.
         Starting Execute cloud user/final scripts...
ci-info: no authorized ssh keys fingerprints found for user ubuntu.
<14>Apr 27 20:34:23 ec2: 
<14>Apr 27 20:34:23 ec2: #############################################################
<14>Apr 27 20:34:23 ec2: -----BEGIN SSH HOST KEY FINGERPRINTS-----
<14>Apr 27 20:34:23 ec2: 1024 SHA256:22w77yAfcCImbt+TyngkKerQxFoRRGzQeGov2KlBhPA root@ubuntu-xenial (DSA)
<14>Apr 27 20:34:23 ec2: 256 SHA256:mO6UnaNPnZ+6pc1mo9ZITq1XY7ivJqjn30IZ88t0+Bo root@ubuntu-xenial (ECDSA)
<14>Apr 27 20:34:23 ec2: 256 SHA256:mVFHGvMyAoTu3akcq5/yNTQKOs5wW5uvUnYE2BGsk64 root@ubuntu-xenial (ED25519)
<14>Apr 27 20:34:23 ec2: 2048 SHA256:p+8wSufb6MsrYVvowTk7t1efCvqhGDg2CV47cEPeDJg root@ubuntu-xenial (RSA)
<14>Apr 27 20:34:23 ec2: -----END SSH HOST KEY FINGERPRINTS-----
<14>Apr 27 20:34:23 ec2: #############################################################
-----BEGIN SSH HOST KEY KEYS-----
ecdsa-sha2-nistp256 AAAAE2VjZHNhLXNoYTItbmlzdHAyNTYAAAAIbmlzdHAyNTYAAABBBIFMTDDY0ovdaWEpZI67Plzl84b+3e6MRplYNyDKQzSy0qAt9DSo5xJQWQ7T2d4dKghtaosGN6Q9pfbbubvXqTs= root@ubuntu-xenial
ssh-ed25519 AAAAC3NzaC1lZDI1NTE5AAAAIHpQ/RpjlxDZUsGNRY04G3AkylhvWZcLPTEKJPbJyQEf root@ubuntu-xenial
ssh-rsa AAAAB3NzaC1yc2EAAAADAQABAAABAQDW+AWEqX5YDAzYm8/cTKx+43vpmHTpfBv+BgYVfCORGrfb4PEahju8Lce2YQsYqoLm2zhCh7Lq2MqVJ8lpimqnGgETDpudh6MrdhgtdxRKPumowj+RuSk7VkQ5ghhFQhYM6NIRAF90kV84eKNBNy3247akhZkxdJS/KWSpIy0EMF+3ARgMcLOHBLWzfMUJLdBgfRf1jjk9SM8Ptie9uTdSrgfUaFRya0TC2k62sQ8QXWOiISqEal1fShljJSz7TygKuzLNpvoQ0iLXn2cyXEaXWlpHk5GaOn3k7Si4XNG33Okcl7xcyOcskPt7SH1CpVAl8emqEJ1WkKtY+J8u9kOh root@ubuntu-xenial
-----END SSH HOST KEY KEYS-----
[[0;32m  OK  [0m] Started Session 2 of user ubuntu.
[   38.925749] cloud-init[1410]: Cloud-init v. 0.7.9 running 'modules:final' at Thu, 27 Apr 2017 20:34:23 +0000. Up 37.91 seconds.
[   39.042503] cloud-init[1410]: ci-info: no authorized ssh keys fingerprints found for user ubuntu.
[   39.104503] cloud-init[1410]: Cloud-init v. 0.7.9 finished at Thu, 27 Apr 2017 20:34:24 +0000. Datasource DataSourceNoCloud [seed=/dev/sdb][dsmode=net].  Up 38.91 seconds
[[0;32m  OK  [0m] Started Execute cloud user/final scripts.
[[0;32m  OK  [0m] Reached target Cloud-init target.

Ubuntu 16.04.2 LTS ubuntu-xenial ttyS0

ubuntu-xenial login: 